{
  "RSpec": {
    "coverage": {
      "/Users/matthewperry/Projects/makersbnb/makersbnb-matt/Makersbnb/app/app.rb": [
        1,
        null,
        1,
        1,
        1,
        1,
        null,
        null,
        1,
        1,
        1,
        1,
        1,
        1,
        43,
        null,
        1,
        9,
        null,
        null,
        1,
        8,
        null,
        null,
        1,
        8,
        8,
        6,
        6,
        null,
        null,
        2,
        null,
        null,
        null,
        null,
        1,
        7,
        null,
        null,
        1,
        4,
        4,
        1,
        null,
        3,
        null,
        null,
        null,
        1,
        8,
        null,
        null,
        1,
        6,
        6,
        4,
        4,
        null,
        null,
        2,
        null,
        null,
        null,
        1,
        1,
        1,
        null,
        null,
        1,
        7,
        7,
        null,
        null,
        1,
        1,
        1,
        1,
        null,
        null
      ],
      "/Users/matthewperry/Projects/makersbnb/makersbnb-matt/Makersbnb/app/data_mapper_setup.rb": [
        1,
        1,
        1,
        1,
        1,
        1,
        1,
        null,
        1,
        1,
        1
      ],
      "/Users/matthewperry/Projects/makersbnb/makersbnb-matt/Makersbnb/app/models/user.rb": [
        1,
        1,
        null,
        1,
        1,
        1,
        1,
        null,
        1,
        1,
        1,
        1,
        1,
        1,
        1,
        1,
        1,
        null,
        1,
        1,
        null,
        1,
        8,
        8,
        null,
        null,
        1,
        6,
        6,
        null,
        null,
        1,
        0,
        0,
        0,
        null,
        null,
        1,
        0,
        0,
        null,
        null,
        null
      ],
      "/Users/matthewperry/Projects/makersbnb/makersbnb-matt/Makersbnb/app/models/space.rb": [
        1,
        1,
        null,
        1,
        1,
        1,
        1,
        1,
        1,
        1,
        1,
        1,
        null,
        null
      ],
      "/Users/matthewperry/Projects/makersbnb/makersbnb-matt/Makersbnb/app/models/request.rb": [
        1,
        1,
        null,
        1,
        1,
        1,
        1,
        1,
        1,
        null,
        null
      ],
      "/Users/matthewperry/Projects/makersbnb/makersbnb-matt/Makersbnb/app/models/booking.rb": [
        1,
        1,
        null,
        1,
        1,
        1,
        1,
        1,
        null,
        null
      ],
      "/Users/matthewperry/Projects/makersbnb/makersbnb-matt/Makersbnb/spec/features/web_helper.rb": [
        1,
        null,
        null,
        null,
        5,
        5,
        5,
        5,
        5,
        5,
        null,
        null,
        1,
        null,
        6,
        6,
        6,
        6,
        null,
        null,
        1,
        null,
        null,
        null,
        null,
        4,
        4,
        4,
        4,
        4,
        4,
        4,
        4,
        null
      ],
      "/Users/matthewperry/Projects/makersbnb/makersbnb-matt/Makersbnb/spec/features/homepage_spec.rb": [
        1,
        null,
        1,
        1,
        1,
        1,
        null,
        null
      ],
      "/Users/matthewperry/Projects/makersbnb/makersbnb-matt/Makersbnb/spec/features/new_space_spec.rb": [
        1,
        null,
        1,
        1,
        1,
        1,
        1,
        1,
        1,
        null,
        null,
        1,
        1,
        1,
        1,
        1,
        1,
        1,
        1,
        1,
        null,
        null
      ],
      "/Users/matthewperry/Projects/makersbnb/makersbnb-matt/Makersbnb/spec/features/space_lists_spec.rb": [
        1,
        null,
        1,
        1,
        1,
        1,
        1,
        1,
        null,
        null,
        null,
        1,
        1,
        1,
        1,
        1,
        1,
        1,
        null,
        null,
        null,
        null
      ],
      "/Users/matthewperry/Projects/makersbnb/makersbnb-matt/Makersbnb/spec/features/user_sign_in_spec.rb": [
        1,
        null,
        1,
        1,
        1,
        1,
        1,
        null,
        null,
        1,
        1,
        1,
        1,
        null,
        null,
        1,
        1,
        1,
        null,
        null,
        null
      ],
      "/Users/matthewperry/Projects/makersbnb/makersbnb-matt/Makersbnb/spec/features/user_sign_out_spec.rb": [
        1,
        null,
        1,
        1,
        1,
        1,
        1,
        1,
        null,
        1,
        1,
        1,
        null,
        null
      ],
      "/Users/matthewperry/Projects/makersbnb/makersbnb-matt/Makersbnb/spec/features/user_sign_up_spec.rb": [
        1,
        null,
        1,
        1,
        1,
        1,
        1,
        1,
        1,
        1,
        1,
        1,
        null,
        null,
        1,
        1,
        1,
        1,
        1,
        1,
        1,
        1,
        1,
        null,
        null,
        1,
        1,
        1,
        1,
        1,
        1,
        1,
        1,
        1,
        null,
        null,
        null
      ],
      "/Users/matthewperry/Projects/makersbnb/makersbnb-matt/Makersbnb/spec/features/view_requests_spec.rb": [
        1,
        null,
        1,
        1,
        1,
        1,
        1,
        1,
        1,
        1,
        null,
        null,
        null
      ]
    },
    "timestamp": 1486570046
  }
}
